lding the model ...
20
5
conv 0.225896835327, 0.2064037323 ms
50
5
conv 0.0431203842163, 0.172801017761 ms
500
... testing
image time 2.13668346405 in ms 
image time 2.02097892761 in ms 
image time 1.88220024109 in ms 
image time 1.92335605621 in ms 
image time 1.88223838806 in ms 
image time 1.88486099243 in ms 
image time 1.75757884979 in ms 
image time 1.98502063751 in ms 
image time 1.60148143768 in ms 
image time 2.07630157471 in ms 
image time 1.85158252716 in ms 
image time 1.96795940399 in ms 
image time 1.46211624146 in ms 
image time 1.93747997284 in ms 
image time 1.91783905029 in ms 
image time 2.16954231262 in ms 
image time 2.17996120453 in ms 
image time 1.96450233459 in ms 
image time 1.97663784027 in ms 
image time 1.91413879395 in ms 
image time 1.88841819763 in ms 
image time 2.03524112701 in ms 
image time 2.2012424469 in ms 
image time 2.29316234589 in ms 
image time 2.10726261139 in ms 
image time 2.03807830811 in ms 
image time 1.86362266541 in ms 
image time 1.69517993927 in ms 
image time 1.95538043976 in ms 
image time 2.01695919037 in ms 
image time 2.01502323151 in ms 
image time 1.88349723816 in ms 
image time 2.01285839081 in ms 
image time 1.9104385376 in ms 
image time 1.96300029755 in ms 
image time 1.922082901 in ms 
image time 1.93560123444 in ms 
image time 1.93134307861 in ms 
image time 1.91551685333 in ms 
image time 2.07980155945 in ms 
image time 2.0740032196 in ms 
image time 1.89603805542 in ms 
image time 1.95212364197 in ms 
image time 2.54879951477 in ms 
image time 1.84078216553 in ms 
image time 1.70897960663 in ms 
image time 2.00251579285 in ms 
image time 1.98029994965 in ms 
image time 1.94576263428 in ms 
image time 1.94347858429 in ms 
image time 1.50767803192 in ms 
image time 1.95340156555 in ms 
image time 1.92037582397 in ms 
image time 1.88816070557 in ms 
image time 2.23680019379 in ms 
image time 2.04492092133 in ms 
image time 2.01416015625 in ms 
image time 1.72473907471 in ms 
image time 1.93500041962 in ms 
image time 2.05719947815 in ms 
image time 1.89573764801 in ms 
image time 1.97167873383 in ms 
image time 1.88191890717 in ms 
image time 1.84484004974 in ms 
image time 1.76562309265 in ms 
image time 1.69149875641 in ms 
image time 1.78195953369 in ms 
image time 2.02060222626 in ms 
image time 1.53371810913 in ms 
image time 1.84030056 in ms 
image time 1.60379886627 in ms 
image time 1.92619800568 in ms 
image time 1.70094013214 in ms 
image time 2.05949783325 in ms 
image time 1.91070079803 in ms 
image time 1.94181919098 in ms 
image time 1.93614006042 in ms 
image time 1.99939727783 in ms 
image time 1.92131996155 in ms 
image time 1.96127891541 in ms 
image time 2.09604263306 in ms 
image time 1.73795700073 in ms 
image time 1.99882030487 in ms 
image time 1.90437793732 in ms 
image time 2.09901809692 in ms 
image time 1.52202129364 in ms 
image time 1.71946048737 in ms 
image time 1.87387943268 in ms 
image time 2.07900047302 in ms 
image time 1.93778038025 in ms 
image time 1.94359779358 in ms 
image time 1.86414241791 in ms 
image time 1.90216064453 in ms 
image time 1.89924240112 in ms 
image time 1.99875831604 in ms 
image time 2.04423904419 in ms 
image time 1.82029724121 in ms 
image time 1.77979946136 in ms 
image time 1.99851989746 in ms 
image time 1.92341804504 in ms 
image time 1.62349700928 in ms 
image time 1.64835929871 in ms 
image time 1.92073822021 in ms 
image time 1.859998703 in ms 
image time 1.97740077972 in ms 
image time 2.00030326843 in ms 
image time 1.93124294281 in ms 
image time 1.86324119568 in ms 
image time 1.75375938416 in ms 
image time 2.02286243439 in ms 
image time 2.10192203522 in ms 
image time 2.05515861511 in ms 
image time 2.1022605896 in ms 
image time 2.04475879669 in ms 
image time 1.91629886627 in ms 
image time 1.96181774139 in ms 
image time 1.67479991913 in ms 
image time 1.89693927765 in ms 
image time 2.01977729797 in ms 
image time 2.21457958221 in ms 
image time 2.07386016846 in ms 
image time 2.0676612854 in ms 
image time 2.12170124054 in ms 
image time 1.91993713379 in ms 
image time 1.85842037201 in ms 
image time 1.84514045715 in ms 
image time 1.9455575943 in ms 
image time 1.97010040283 in ms 
image time 1.94585800171 in ms 
image time 1.87027931213 in ms 
image time 1.86106204987 in ms 
image time 1.62350177765 in ms 
image time 1.90390110016 in ms 
image time 1.99068069458 in ms 
image time 1.90742015839 in ms 
image time 1.56487941742 in ms 
image time 1.61513805389 in ms 
image time 1.6557598114 in ms 
image time 2.05346107483 in ms 
image time 1.81215763092 in ms 
image time 1.53729915619 in ms 
image time 1.41733646393 in ms 
image time 1.68315887451 in ms 
image time 1.50095939636 in ms 
image time 1.48136138916 in ms 
image time 1.56653881073 in ms 
image time 1.43800258636 in ms 
image time 1.56416416168 in ms 
image time 1.80156230927 in ms 
image time 1.58783912659 in ms 
image time 1.42133712769 in ms 
image time 1.44393920898 in ms 
image time 1.36718273163 in ms 
image time 1.95548057556 in ms 
image time 1.90743923187 in ms 
image time 1.89775943756 in ms 
image time 1.87046051025 in ms 
image time 1.76535606384 in ms 
image time 1.40945911407 in ms 
image time 1.92518234253 in ms 
image time 1.80826187134 in ms 
image time 1.42564296722 in ms 
image time 1.64870262146 in ms 
image time 1.42831802368 in ms 
image time 1.35756015778 in ms 
image time 1.33997917175 in ms 
image time 1.63256168365 in ms 
image time 1.83971881866 in ms 
image time 1.36529922485 in ms 
image time 1.59063816071 in ms 
image time 1.53202056885 in ms 
image time 1.36116027832 in ms 
image time 1.63343906403 in ms 
image time 1.36747837067 in ms 
image time 1.36467933655 in ms 
image time 1.41157627106 in ms 
image time 1.30638122559 in ms 
image time 1.31494045258 in ms 
image time 1.93538188934 in ms 
image time 1.50670051575 in ms 
image time 1.39575958252 in ms 
image time 1.34366035461 in ms 
image time 1.22198104858 in ms 
image time 1.23971939087 in ms 
image time 1.31009578705 in ms 
image time 1.2001991272 in ms 
image time 1.24730110168 in ms 
image time 1.2492609024 in ms 
image time 1.40249729156 in ms 
image time 1.43862247467 in ms 
image time 1.89847946167 in ms 
image time 1.46513938904 in ms 
image time 1.93269729614 in ms 
image time 1.90462112427 in ms 
image time 1.48094177246 in ms 
image time 1.44351959229 in ms 
image time 1.40053749084 in ms 
image time 2.25287914276 in ms 
image time 1.20153903961 in ms 
image time 1.31020069122 in ms 
 test error of best  0.82
