INFO:root:learning_rate : 0.1
n_epochs: 1
dataset: "mnist.pkl.gz"
batch_size: 50
poolsize: 2
conv_layer {
	num_filters: 20
	filter_w: 5
}
conv_layer {
	num_filters: 50
	filter_w: 5
}
hidden_layer {
	num_outputs: 500
	activation_function: "tanh"
}
last_layer {
	num_outputs: 10
	activation_function: "tanh"
}
cost_function: "log_likelihood"

INFO:root:cost 0.000053, VOC 1.000000
INFO:root:cost 0.000268, VOC 1.000000
INFO:root:cost 0.000081, VOC 1.000000
INFO:root:cost 0.000160, VOC 1.000000
INFO:root:cost 0.000185, VOC 1.000000
INFO:root:cost 0.000156, VOC 1.000000
INFO:root:cost 0.000045, VOC 1.000000
INFO:root:cost 0.000060, VOC 1.000000
INFO:root:cost 0.000063, VOC 1.000000
INFO:root:cost 0.000181, VOC 1.000000
INFO:root:cost 0.000168, VOC 1.000000
INFO:root:cost 0.000105, VOC 1.000000
INFO:root:cost 0.000129, VOC 1.000000
INFO:root:cost 0.000154, VOC 1.000000
INFO:root:cost 0.000129, VOC 1.000000
INFO:root:cost 0.000057, VOC 1.000000
INFO:root:cost 0.000163, VOC 1.000000
INFO:root:cost 0.000074, VOC 1.000000
INFO:root:cost 0.000038, VOC 1.000000
INFO:root:cost 0.000096, VOC 1.000000
INFO:root:cost 0.000085, VOC 1.000000
INFO:root:cost 0.000054, VOC 1.000000
INFO:root:cost 0.000162, VOC 1.000000
INFO:root:cost 0.000061, VOC 1.000000
INFO:root:cost 0.000231, VOC 1.000000
INFO:root:cost 0.000091, VOC 1.000000
INFO:root:cost 0.000125, VOC 1.000000
INFO:root:cost 0.000149, VOC 1.000000
INFO:root:cost 0.000071, VOC 1.000000
INFO:root:cost 0.000159, VOC 1.000000
INFO:root:cost 0.000053, VOC 1.000000
INFO:root:cost 0.000087, VOC 1.000000
INFO:root:cost 0.000086, VOC 1.000000
INFO:root:cost 0.000056, VOC 1.000000
INFO:root:cost 0.000145, VOC 1.000000
INFO:root:cost 0.000153, VOC 1.000000
INFO:root:cost 0.000137, VOC 1.000000
INFO:root:cost 0.000119, VOC 1.000000
INFO:root:cost 0.000113, VOC 1.000000
INFO:root:cost 0.000054, VOC 1.000000
INFO:root:cost 0.000107, VOC 1.000000
INFO:root:cost 0.000143, VOC 1.000000
INFO:root:cost 0.000032, VOC 1.000000
INFO:root:cost 0.000134, VOC 1.000000
INFO:root:cost 0.000191, VOC 1.000000
INFO:root:cost 0.000040, VOC 1.000000
INFO:root:cost 0.000094, VOC 1.000000
INFO:root:cost 0.000039, VOC 1.000000
INFO:root:cost 0.000053, VOC 1.000000
INFO:root:cost 0.000108, VOC 1.000000
INFO:root:cost 0.000295, VOC 1.000000
INFO:root:cost 0.000136, VOC 1.000000
INFO:root:cost 0.000176, VOC 1.000000
INFO:root:cost 0.000022, VOC 1.000000
INFO:root:cost 0.000150, VOC 1.000000
INFO:root:cost 0.000132, VOC 1.000000
INFO:root:cost 0.000180, VOC 1.000000
INFO:root:cost 0.000098, VOC 1.000000
INFO:root:cost 0.000164, VOC 1.000000
INFO:root:cost 0.000059, VOC 1.000000
INFO:root:cost 0.000142, VOC 1.000000
INFO:root:cost 0.000225, VOC 1.000000
INFO:root:cost 0.000199, VOC 1.000000
INFO:root:cost 0.000108, VOC 1.000000
INFO:root:cost 0.000088, VOC 1.000000
INFO:root:cost 0.000027, VOC 1.000000
INFO:root:cost 0.000065, VOC 1.000000
INFO:root:cost 0.000057, VOC 1.000000
INFO:root:cost 0.000248, VOC 1.000000
INFO:root:cost 0.000064, VOC 1.000000
INFO:root:cost 0.000271, VOC 1.000000
INFO:root:cost 0.000059, VOC 1.000000
INFO:root:cost 0.000276, VOC 1.000000
INFO:root:cost 0.000052, VOC 1.000000
INFO:root:cost 0.000034, VOC 1.000000
INFO:root:cost 0.000125, VOC 1.000000
INFO:root:cost 0.000071, VOC 1.000000
INFO:root:cost 0.000204, VOC 1.000000
INFO:root:cost 0.000116, VOC 1.000000
INFO:root:cost 0.000131, VOC 1.000000
INFO:root:cost 0.000097, VOC 1.000000
INFO:root:cost 0.000049, VOC 1.000000
INFO:root:cost 0.000249, VOC 1.000000
INFO:root:cost 0.000068, VOC 1.000000
INFO:root:cost 0.000348, VOC 1.000000
INFO:root:cost 0.000024, VOC 1.000000
INFO:root:cost 0.000287, VOC 1.000000
INFO:root:cost 0.000198, VOC 1.000000
INFO:root:cost 0.000383, VOC 1.000000
INFO:root:cost 0.000098, VOC 1.000000
INFO:root:cost 0.000069, VOC 1.000000
INFO:root:cost 0.000028, VOC 1.000000
INFO:root:cost 0.000114, VOC 1.000000
INFO:root:cost 0.000128, VOC 1.000000
INFO:root:cost 0.000176, VOC 1.000000
INFO:root:cost 0.000101, VOC 1.000000
INFO:root:cost 0.000072, VOC 1.000000
INFO:root:cost 0.000008, VOC 1.000000
INFO:root:cost 0.000055, VOC 1.000000
INFO:root:cost 0.000076, VOC 1.000000
INFO:root:cost 0.000178, VOC 1.000000
INFO:root:cost 0.000092, VOC 1.000000
INFO:root:cost 0.000280, VOC 1.000000
INFO:root:cost 0.000035, VOC 1.000000
INFO:root:cost 0.000004, VOC 1.000000
INFO:root:cost 0.000014, VOC 1.000000
INFO:root:cost 0.000051, VOC 1.000000
INFO:root:cost 0.000050, VOC 1.000000
INFO:root:cost 0.000088, VOC 1.000000
INFO:root:cost 0.000305, VOC 1.000000
INFO:root:cost 0.000022, VOC 1.000000
INFO:root:cost 0.000113, VOC 1.000000
INFO:root:cost 0.000083, VOC 1.000000
INFO:root:cost 0.000056, VOC 1.000000
INFO:root:cost 0.000049, VOC 1.000000
INFO:root:cost 0.000060, VOC 1.000000
INFO:root:cost 0.000146, VOC 1.000000
INFO:root:cost 0.000127, VOC 1.000000
INFO:root:cost 0.000129, VOC 1.000000
INFO:root:cost 0.000251, VOC 1.000000
INFO:root:cost 0.000134, VOC 1.000000
INFO:root:cost 0.000105, VOC 1.000000
INFO:root:cost 0.000044, VOC 1.000000
INFO:root:cost 0.000099, VOC 1.000000
INFO:root:cost 0.000036, VOC 1.000000
INFO:root:cost 0.000042, VOC 1.000000
INFO:root:cost 0.000085, VOC 1.000000
INFO:root:cost 0.000116, VOC 1.000000
INFO:root:cost 0.000156, VOC 1.000000
INFO:root:cost 0.000158, VOC 1.000000
INFO:root:cost 0.000116, VOC 1.000000
INFO:root:cost 0.000083, VOC 1.000000
INFO:root:cost 0.000037, VOC 1.000000
INFO:root:cost 0.000069, VOC 1.000000
INFO:root:cost 0.000059, VOC 1.000000
INFO:root:cost 0.000177, VOC 1.000000
INFO:root:cost 0.000134, VOC 1.000000
INFO:root:cost 0.000062, VOC 1.000000
INFO:root:cost 0.000138, VOC 1.000000
INFO:root:cost 0.000115, VOC 1.000000
INFO:root:cost 0.000061, VOC 1.000000
INFO:root:cost 0.000019, VOC 1.000000
INFO:root:cost 0.000063, VOC 1.000000
INFO:root:cost 0.000167, VOC 1.000000
INFO:root:cost 0.000099, VOC 1.000000
INFO:root:cost 0.000164, VOC 1.000000
INFO:root:cost 0.000103, VOC 1.000000
INFO:root:cost 0.000116, VOC 1.000000
INFO:root:cost 0.000051, VOC 1.000000
INFO:root:cost 0.000037, VOC 1.000000
INFO:root:cost 0.000061, VOC 1.000000
INFO:root:cost 0.000084, VOC 1.000000
INFO:root:cost 0.000148, VOC 1.000000
INFO:root:cost 0.000106, VOC 1.000000
INFO:root:cost 0.000130, VOC 1.000000
INFO:root:cost 0.000071, VOC 1.000000
INFO:root:cost 0.000066, VOC 1.000000
INFO:root:cost 0.000234, VOC 1.000000
INFO:root:cost 0.000067, VOC 1.000000
INFO:root:cost 0.000149, VOC 1.000000
INFO:root:cost 0.000178, VOC 1.000000
INFO:root:cost 0.000344, VOC 1.000000
INFO:root:cost 0.000005, VOC 1.000000
INFO:root:cost 0.000077, VOC 1.000000
INFO:root:cost 0.000010, VOC 1.000000
INFO:root:cost 0.000123, VOC 1.000000
INFO:root:cost 0.000170, VOC 1.000000
INFO:root:cost 0.000241, VOC 1.000000
INFO:root:cost 0.000076, VOC 1.000000
INFO:root:cost 0.000097, VOC 1.000000
