INFO:root:learning_rate : 0.1
n_epochs: 1
dataset: "mnist.pkl.gz"
batch_size: 50
poolsize: 2
conv_layer {
	num_filters: 20
	filter_w: 5
}
conv_layer {
	num_filters: 50
	filter_w: 5
}
hidden_layer {
	num_outputs: 500
	activation_function: "tanh"
}
last_layer {
	num_outputs: 10
	activation_function: "tanh"
}
cost_function: "log_likelihood"

INFO:root:cost 2.302585, VOC 0.870000
INFO:root:cost 2.283678, VOC 0.810000
INFO:root:cost 2.255804, VOC 0.560000
INFO:root:cost 2.242208, VOC 0.630000
INFO:root:cost 2.211717, VOC 0.500000
INFO:root:cost 2.205954, VOC 0.580000
INFO:root:cost 2.183366, VOC 0.590000
INFO:root:cost 2.168137, VOC 0.570000
INFO:root:cost 2.126248, VOC 0.450000
INFO:root:cost 2.095514, VOC 0.390000
INFO:root:cost 2.052713, VOC 0.480000
INFO:root:cost 2.042252, VOC 0.510000
INFO:root:cost 2.032461, VOC 0.550000
INFO:root:cost 1.960393, VOC 0.480000
INFO:root:cost 1.916463, VOC 0.430000
INFO:root:cost 1.880419, VOC 0.360000
INFO:root:cost 1.739562, VOC 0.290000
INFO:root:cost 1.667611, VOC 0.340000
INFO:root:cost 1.625764, VOC 0.330000
INFO:root:cost 1.556619, VOC 0.300000
INFO:root:cost 1.523951, VOC 0.310000
INFO:root:cost 1.344133, VOC 0.200000
INFO:root:cost 1.377389, VOC 0.270000
INFO:root:cost 1.266678, VOC 0.250000
INFO:root:cost 1.262900, VOC 0.270000
INFO:root:cost 1.174869, VOC 0.300000
INFO:root:cost 1.132832, VOC 0.270000
INFO:root:cost 1.047183, VOC 0.240000
INFO:root:cost 0.882851, VOC 0.180000
INFO:root:cost 1.006074, VOC 0.170000
INFO:root:cost 1.104423, VOC 0.220000
INFO:root:cost 0.869954, VOC 0.150000
INFO:root:cost 0.980571, VOC 0.260000
INFO:root:cost 0.890276, VOC 0.200000
INFO:root:cost 0.829684, VOC 0.180000
INFO:root:cost 0.844002, VOC 0.220000
INFO:root:cost 0.753668, VOC 0.130000
INFO:root:cost 0.750563, VOC 0.160000
INFO:root:cost 0.671718, VOC 0.150000
INFO:root:cost 0.694403, VOC 0.140000
INFO:root:cost 0.666005, VOC 0.190000
INFO:root:cost 0.756643, VOC 0.160000
INFO:root:cost 0.641486, VOC 0.170000
INFO:root:cost 0.704040, VOC 0.190000
INFO:root:cost 0.609134, VOC 0.160000
INFO:root:cost 0.465343, VOC 0.080000
INFO:root:cost 0.633189, VOC 0.190000
INFO:root:cost 0.596714, VOC 0.120000
INFO:root:cost 0.606884, VOC 0.170000
INFO:root:cost 0.665230, VOC 0.160000
INFO:root:cost 0.629087, VOC 0.180000
INFO:root:cost 0.756090, VOC 0.230000
INFO:root:cost 0.530748, VOC 0.120000
INFO:root:cost 0.625424, VOC 0.200000
INFO:root:cost 0.454645, VOC 0.110000
INFO:root:cost 0.479974, VOC 0.100000
INFO:root:cost 0.498712, VOC 0.130000
INFO:root:cost 0.548425, VOC 0.150000
INFO:root:cost 0.636143, VOC 0.190000
INFO:root:cost 0.442054, VOC 0.080000
INFO:root:cost 0.345136, VOC 0.060000
INFO:root:cost 0.374013, VOC 0.090000
INFO:root:cost 0.500405, VOC 0.170000
INFO:root:cost 0.387208, VOC 0.070000
INFO:root:cost 0.477739, VOC 0.130000
INFO:root:cost 0.308583, VOC 0.080000
INFO:root:cost 0.412141, VOC 0.120000
INFO:root:cost 0.357694, VOC 0.050000
INFO:root:cost 0.584122, VOC 0.210000
INFO:root:cost 0.503637, VOC 0.180000
INFO:root:cost 0.534656, VOC 0.150000
INFO:root:cost 0.413947, VOC 0.070000
INFO:root:cost 0.664830, VOC 0.170000
INFO:root:cost 0.510363, VOC 0.140000
INFO:root:cost 0.404199, VOC 0.110000
INFO:root:cost 0.402592, VOC 0.100000
INFO:root:cost 0.510804, VOC 0.130000
INFO:root:cost 0.440433, VOC 0.120000
INFO:root:cost 0.497613, VOC 0.140000
INFO:root:cost 0.437869, VOC 0.160000
INFO:root:cost 0.293730, VOC 0.080000
INFO:root:cost 0.472030, VOC 0.150000
INFO:root:cost 0.621234, VOC 0.140000
INFO:root:cost 0.386881, VOC 0.110000
INFO:root:cost 0.524533, VOC 0.120000
INFO:root:cost 0.306233, VOC 0.070000
INFO:root:cost 0.537490, VOC 0.200000
INFO:root:cost 0.672532, VOC 0.200000
INFO:root:cost 0.697787, VOC 0.240000
INFO:root:cost 0.392496, VOC 0.120000
INFO:root:cost 0.298725, VOC 0.070000
INFO:root:cost 0.385769, VOC 0.130000
INFO:root:cost 0.460834, VOC 0.130000
INFO:root:cost 0.400132, VOC 0.100000
INFO:root:cost 0.401652, VOC 0.090000
INFO:root:cost 0.390934, VOC 0.100000
INFO:root:cost 0.323533, VOC 0.090000
INFO:root:cost 0.359624, VOC 0.070000
INFO:root:cost 0.321136, VOC 0.080000
INFO:root:cost 0.264216, VOC 0.050000
INFO:root:cost 0.385601, VOC 0.120000
INFO:root:cost 0.339033, VOC 0.090000
INFO:root:cost 0.669345, VOC 0.280000
INFO:root:cost 0.252499, VOC 0.040000
INFO:root:cost 0.309372, VOC 0.100000
INFO:root:cost 0.256527, VOC 0.100000
INFO:root:cost 0.242168, VOC 0.070000
INFO:root:cost 0.513021, VOC 0.160000
INFO:root:cost 0.277206, VOC 0.060000
INFO:root:cost 0.329801, VOC 0.080000
INFO:root:cost 0.231815, VOC 0.070000
INFO:root:cost 0.303274, VOC 0.060000
INFO:root:cost 0.367195, VOC 0.130000
INFO:root:cost 0.260099, VOC 0.070000
INFO:root:cost 0.263464, VOC 0.090000
INFO:root:cost 0.507620, VOC 0.150000
INFO:root:cost 0.366282, VOC 0.090000
INFO:root:cost 0.504137, VOC 0.120000
INFO:root:cost 0.317581, VOC 0.100000
INFO:root:cost 0.275252, VOC 0.080000
INFO:root:cost 0.309238, VOC 0.090000
INFO:root:cost 0.328605, VOC 0.100000
INFO:root:cost 0.329740, VOC 0.090000
INFO:root:cost 0.394554, VOC 0.100000
INFO:root:cost 0.344522, VOC 0.110000
INFO:root:cost 0.511266, VOC 0.140000
INFO:root:cost 0.559515, VOC 0.160000
INFO:root:cost 0.360030, VOC 0.100000
INFO:root:cost 0.255187, VOC 0.080000
INFO:root:cost 0.473107, VOC 0.130000
INFO:root:cost 0.633245, VOC 0.170000
INFO:root:cost 0.428174, VOC 0.140000
INFO:root:cost 0.184301, VOC 0.030000
INFO:root:cost 0.346627, VOC 0.110000
INFO:root:cost 0.253119, VOC 0.060000
INFO:root:cost 0.214000, VOC 0.040000
INFO:root:cost 0.350776, VOC 0.090000
INFO:root:cost 0.385047, VOC 0.130000
INFO:root:cost 0.328894, VOC 0.110000
INFO:root:cost 0.449606, VOC 0.120000
INFO:root:cost 0.383288, VOC 0.110000
INFO:root:cost 0.411056, VOC 0.140000
INFO:root:cost 0.463289, VOC 0.130000
INFO:root:cost 0.579033, VOC 0.200000
INFO:root:cost 0.242019, VOC 0.050000
INFO:root:cost 0.434824, VOC 0.140000
INFO:root:cost 0.432884, VOC 0.130000
INFO:root:cost 0.543746, VOC 0.150000
INFO:root:cost 0.414182, VOC 0.160000
INFO:root:cost 0.247018, VOC 0.090000
INFO:root:cost 0.187335, VOC 0.070000
INFO:root:cost 0.362542, VOC 0.100000
INFO:root:cost 0.238712, VOC 0.080000
INFO:root:cost 0.244141, VOC 0.050000
INFO:root:cost 0.311326, VOC 0.080000
INFO:root:cost 0.212353, VOC 0.060000
INFO:root:cost 0.199268, VOC 0.040000
INFO:root:cost 0.523398, VOC 0.150000
INFO:root:cost 0.394850, VOC 0.130000
INFO:root:cost 0.361337, VOC 0.090000
INFO:root:cost 0.397119, VOC 0.120000
INFO:root:cost 0.265018, VOC 0.080000
INFO:root:cost 0.233959, VOC 0.080000
INFO:root:cost 0.197232, VOC 0.040000
INFO:root:cost 0.274412, VOC 0.060000
